2021-11-26 10:57:43 [ main:0 ]-[ ERROR ] D:\ncFile目录未找到需要处理的文件！
2021-11-26 10:58:11 [ main:0 ]-[ ERROR ] OMI-Aura_L3-OMSO2e_2018m0105_v003-2020m1015t232304.he5文件的日期部分ura_L3-O转换出错！
2021-11-26 10:59:34 [ main:0 ]-[ ERROR ] OMI-Aura_L3-OMSO2e_2018m0105_v003-2020m1015t232304.he5文件的日期部分ura_L3-O转换出错！
2021-11-26 11:02:24 [ main:0 ]-[ ERROR ] OMI-Aura_L3-OMSO2e_2018m0105_v003-2020m1015t232304.he5文件的日期部分ura_L3-O转换出错！
2021-12-02 11:18:54 [ main:0 ]-[ ERROR ] D:\ncFile\OMI\O3目录未找到需要处理的文件！
2021-12-02 11:19:59 [ main:0 ]-[ ERROR ] D:\ncFile\OMI\O3目录未找到需要处理的文件！
2021-12-07 14:46:24 [ main:2823 ]-[ ERROR ] 变量数组读取失败！
2021-12-07 14:47:58 [ main:2335 ]-[ ERROR ] 变量数组读取失败！
2021-12-07 14:49:44 [ main:72613 ]-[ ERROR ] 变量数组读取失败！
2021-12-07 14:50:03 [ main:8837 ]-[ ERROR ] 变量数组读取失败！
2021-12-07 14:53:58 [ main:66864 ]-[ ERROR ] 变量数组读取失败！
2021-12-07 14:54:39 [ main:30829 ]-[ ERROR ] 变量数组读取失败！
2021-12-07 15:36:27 [ main:534 ]-[ ERROR ] 变量数组读取失败！
2021-12-08 09:49:17 [ main:125 ]-[ ERROR ] 读文件时D:\ncFile\uviindex\uvdec2017_world.nc出错：365
java.lang.ArrayIndexOutOfBoundsException: 365
	at com.cuit.mete.jobs.grib.temisjob.utils.NcUtilTemisYear.getSPHDNcData(NcUtilTemisYear.java:420)
	at com.cuit.mete.jobs.grib.temisjob.utils.NcUtilTemisYear.getSPHDNcData(NcUtilTemisYear.java:304)
	at com.cuit.mete.jobs.grib.temisjob.GribGeoserverPublisher.DealGribFile2GeoServer(GribGeoserverPublisher.java:200)
	at com.cuit.mete.jobs.grib.temisjob.DealGribTemisGeoServerProcess.startJob(DealGribTemisGeoServerProcess.java:124)
	at com.cuit.mete.jobs.grib.job.DealGrib2GeoServerProcessTest.testStartTemisJob(DealGrib2GeoServerProcessTest.java:33)
	at sun.reflect.NativeMethodAccessorImpl.invoke0(Native Method)
	at sun.reflect.NativeMethodAccessorImpl.invoke(NativeMethodAccessorImpl.java:62)
	at sun.reflect.DelegatingMethodAccessorImpl.invoke(DelegatingMethodAccessorImpl.java:43)
	at java.lang.reflect.Method.invoke(Method.java:498)
	at org.junit.runners.model.FrameworkMethod$1.runReflectiveCall(FrameworkMethod.java:50)
	at org.junit.internal.runners.model.ReflectiveCallable.run(ReflectiveCallable.java:12)
	at org.junit.runners.model.FrameworkMethod.invokeExplosively(FrameworkMethod.java:47)
	at org.junit.internal.runners.statements.InvokeMethod.evaluate(InvokeMethod.java:17)
	at org.junit.runners.ParentRunner.runLeaf(ParentRunner.java:325)
	at org.junit.runners.BlockJUnit4ClassRunner.runChild(BlockJUnit4ClassRunner.java:78)
	at org.junit.runners.BlockJUnit4ClassRunner.runChild(BlockJUnit4ClassRunner.java:57)
	at org.junit.runners.ParentRunner$3.run(ParentRunner.java:290)
	at org.junit.runners.ParentRunner$1.schedule(ParentRunner.java:71)
	at org.junit.runners.ParentRunner.runChildren(ParentRunner.java:288)
	at org.junit.runners.ParentRunner.access$000(ParentRunner.java:58)
	at org.junit.runners.ParentRunner$2.evaluate(ParentRunner.java:268)
	at org.junit.runners.ParentRunner.run(ParentRunner.java:363)
	at org.junit.runner.JUnitCore.run(JUnitCore.java:137)
	at com.intellij.junit4.JUnit4IdeaTestRunner.startRunnerWithArgs(JUnit4IdeaTestRunner.java:68)
	at com.intellij.rt.execution.junit.IdeaTestRunner$Repeater.startRunnerWithArgs(IdeaTestRunner.java:47)
	at com.intellij.rt.execution.junit.JUnitStarter.prepareStreamsAndStart(JUnitStarter.java:242)
	at com.intellij.rt.execution.junit.JUnitStarter.main(JUnitStarter.java:70)
2021-12-08 09:49:17 [ main:149 ]-[ ERROR ] uvdec2017_world.nc读数据结果长度不正确！有些时次未读出！
2021-12-08 15:21:34 [ main:8643 ]-[ ERROR ] uvdec2017_world.nc读数据结果长度不正确！有些时次未读出！
2021-12-08 15:21:42 [ main:16417 ]-[ ERROR ] uvdec2017_world.nc读数据结果长度不正确！有些时次未读出！
2021-12-08 15:28:54 [ main:372947 ]-[ ERROR ] uvdec2017_world.nc读数据结果长度不正确！有些时次未读出！
2021-12-08 15:29:45 [ main:9216 ]-[ ERROR ] 栅格文件生成出错:1036800
2021-12-08 15:29:45 [ main:9216 ]-[ ERROR ] 转换tif文件时出错！
2021-12-08 15:29:45 [ main:9252 ]-[ ERROR ] 栅格文件生成出错:1036800
2021-12-08 15:29:45 [ main:9252 ]-[ ERROR ] 转换tif文件时出错！
2021-12-08 15:29:45 [ main:9320 ]-[ ERROR ] 栅格文件生成出错:null
2021-12-08 15:29:45 [ main:9320 ]-[ ERROR ] 转换tif文件时出错！
2021-12-08 15:29:45 [ main:9340 ]-[ ERROR ] 栅格文件生成出错:null
2021-12-08 15:29:45 [ main:9340 ]-[ ERROR ] 转换tif文件时出错！
2021-12-08 15:29:45 [ main:9400 ]-[ ERROR ] 栅格文件生成出错:null
2021-12-08 15:29:45 [ main:9401 ]-[ ERROR ] 转换tif文件时出错！
2021-12-08 15:29:45 [ main:9422 ]-[ ERROR ] 栅格文件生成出错:null
2021-12-08 15:29:45 [ main:9422 ]-[ ERROR ] 转换tif文件时出错！
2021-12-08 15:29:46 [ main:10348 ]-[ ERROR ] 栅格文件生成出错:null
2021-12-08 15:29:46 [ main:10348 ]-[ ERROR ] 转换tif文件时出错！
2021-12-08 15:29:46 [ main:10368 ]-[ ERROR ] 栅格文件生成出错:null
2021-12-08 15:29:46 [ main:10368 ]-[ ERROR ] 转换tif文件时出错！
2021-12-08 15:29:46 [ main:10496 ]-[ ERROR ] 栅格文件生成出错:null
2021-12-08 15:29:46 [ main:10497 ]-[ ERROR ] 转换tif文件时出错！
2021-12-08 15:29:46 [ main:10516 ]-[ ERROR ] 栅格文件生成出错:null
2021-12-08 15:29:46 [ main:10516 ]-[ ERROR ] 转换tif文件时出错！
2021-12-08 15:44:28 [ main:8630 ]-[ ERROR ] 栅格文件生成出错:1036800
2021-12-08 15:44:28 [ main:8666 ]-[ ERROR ] 栅格文件生成出错:1036800
2021-12-08 15:44:28 [ main:8753 ]-[ ERROR ] 栅格文件生成出错:null
2021-12-08 15:44:28 [ main:8776 ]-[ ERROR ] 栅格文件生成出错:null
2021-12-08 15:44:28 [ main:8853 ]-[ ERROR ] 栅格文件生成出错:null
2021-12-08 15:44:28 [ main:8878 ]-[ ERROR ] 栅格文件生成出错:null
2021-12-08 15:44:28 [ main:8944 ]-[ ERROR ] 栅格文件生成出错:null
2021-12-08 15:44:28 [ main:8974 ]-[ ERROR ] 栅格文件生成出错:null
2021-12-08 15:44:28 [ main:9019 ]-[ ERROR ] 栅格文件生成出错:null
2021-12-08 15:44:28 [ main:9041 ]-[ ERROR ] 栅格文件生成出错:null
2021-12-08 15:52:48 [ main:262895 ]-[ ERROR ] 读文件时D:\ncFile\uviindex\uvdec2017_world.nc出错：Illegal Range for dimension 0: last requested 365 > max 364
ucar.ma2.InvalidRangeException: Illegal Range for dimension 0: last requested 365 > max 364
	at ucar.ma2.Section.fill(Section.java:144)
	at ucar.nc2.Variable.read(Variable.java:677)
	at ucar.nc2.Variable.read(Variable.java:623)
	at com.cuit.mete.jobs.grib.temisjob.utils.NcUtilTemisYear.getSPHDNcData(NcUtilTemisYear.java:433)
	at com.cuit.mete.jobs.grib.temisjob.utils.NcUtilTemisYear.getSPHDNcData(NcUtilTemisYear.java:304)
	at com.cuit.mete.jobs.grib.temisjob.GribGeoserverPublisher.DealGribFile2GeoServer(GribGeoserverPublisher.java:203)
	at com.cuit.mete.jobs.grib.temisjob.DealGribTemisGeoServerProcess.startJob(DealGribTemisGeoServerProcess.java:124)
	at com.cuit.mete.jobs.grib.job.DealGrib2GeoServerProcessTest.testStartTemisJob(DealGrib2GeoServerProcessTest.java:33)
	at sun.reflect.NativeMethodAccessorImpl.invoke0(Native Method)
	at sun.reflect.NativeMethodAccessorImpl.invoke(NativeMethodAccessorImpl.java:62)
	at sun.reflect.DelegatingMethodAccessorImpl.invoke(DelegatingMethodAccessorImpl.java:43)
	at java.lang.reflect.Method.invoke(Method.java:498)
	at org.junit.runners.model.FrameworkMethod$1.runReflectiveCall(FrameworkMethod.java:50)
	at org.junit.internal.runners.model.ReflectiveCallable.run(ReflectiveCallable.java:12)
	at org.junit.runners.model.FrameworkMethod.invokeExplosively(FrameworkMethod.java:47)
	at org.junit.internal.runners.statements.InvokeMethod.evaluate(InvokeMethod.java:17)
	at org.junit.runners.ParentRunner.runLeaf(ParentRunner.java:325)
	at org.junit.runners.BlockJUnit4ClassRunner.runChild(BlockJUnit4ClassRunner.java:78)
	at org.junit.runners.BlockJUnit4ClassRunner.runChild(BlockJUnit4ClassRunner.java:57)
	at org.junit.runners.ParentRunner$3.run(ParentRunner.java:290)
	at org.junit.runners.ParentRunner$1.schedule(ParentRunner.java:71)
	at org.junit.runners.ParentRunner.runChildren(ParentRunner.java:288)
	at org.junit.runners.ParentRunner.access$000(ParentRunner.java:58)
	at org.junit.runners.ParentRunner$2.evaluate(ParentRunner.java:268)
	at org.junit.runners.ParentRunner.run(ParentRunner.java:363)
	at org.junit.runner.JUnitCore.run(JUnitCore.java:137)
	at com.intellij.junit4.JUnit4IdeaTestRunner.startRunnerWithArgs(JUnit4IdeaTestRunner.java:68)
	at com.intellij.rt.execution.junit.IdeaTestRunner$Repeater.startRunnerWithArgs(IdeaTestRunner.java:47)
	at com.intellij.rt.execution.junit.JUnitStarter.prepareStreamsAndStart(JUnitStarter.java:242)
	at com.intellij.rt.execution.junit.JUnitStarter.main(JUnitStarter.java:70)
2021-12-08 15:52:48 [ main:262914 ]-[ ERROR ] uvdec2017_world.nc读数据结果长度不正确！有些时次未读出！
